<?xml version="1.0" encoding="UTF-8"?>
<testng-results ignored="0" total="3" passed="3" failed="0" skipped="0">
  <reporter-output>
  </reporter-output>
  <suite started-at="2024-06-15T20:28:51 IST" name="Default suite" finished-at="2024-06-15T20:33:28 IST" duration-ms="276406">
    <groups>
      <group name="cucumber">
        <method signature="AbstractTestNGCucumberTests.runScenario(io.cucumber.testng.PickleWrapper,io.cucumber.testng.FeatureWrapper)[pri:0, instance:com.runner.Runner@443118b0]" name="runScenario" class="io.cucumber.testng.AbstractTestNGCucumberTests"/>
      </group> <!-- cucumber -->
    </groups>
    <test started-at="2024-06-15T20:28:51 IST" name="Default test" finished-at="2024-06-15T20:33:28 IST" duration-ms="276406">
      <class name="com.runner.Runner">
        <test-method is-config="true" signature="setUpClass(org.testng.ITestContext)[pri:0, instance:com.runner.Runner@443118b0]" started-at="2024-06-15T20:28:51 IST" name="setUpClass" finished-at="2024-06-15T20:28:53 IST" duration-ms="1379" status="PASS">
          <params>
            <param index="0">
              <value>
                <![CDATA[org.testng.TestRunner@788ba63e]]>
              </value>
            </param>
          </params>
          <reporter-output>
          </reporter-output>
        </test-method> <!-- setUpClass -->
        <test-method signature="runScenario(io.cucumber.testng.PickleWrapper,io.cucumber.testng.FeatureWrapper)[pri:0, instance:com.runner.Runner@443118b0]" started-at="2024-06-15T20:28:53 IST" name="runScenario" description="Runs Cucumber Scenarios" data-provider="scenarios" finished-at="2024-06-15T20:33:01 IST" duration-ms="248392" status="PASS">
          <params>
            <param index="0">
              <value>
                <![CDATA["Check for the product matching"]]>
              </value>
            </param>
            <param index="1">
              <value>
                <![CDATA["Seacrh for product"]]>
              </value>
            </param>
          </params>
          <reporter-output>
          </reporter-output>
        </test-method> <!-- runScenario -->
        <test-method signature="runScenario(io.cucumber.testng.PickleWrapper,io.cucumber.testng.FeatureWrapper)[pri:0, instance:com.runner.Runner@443118b0]" started-at="2024-06-15T20:33:01 IST" name="runScenario" description="Runs Cucumber Scenarios" data-provider="scenarios" finished-at="2024-06-15T20:33:15 IST" duration-ms="14160" status="PASS">
          <params>
            <param index="0">
              <value>
                <![CDATA["Check for the product matching"]]>
              </value>
            </param>
            <param index="1">
              <value>
                <![CDATA["Seacrh for product"]]>
              </value>
            </param>
          </params>
          <reporter-output>
          </reporter-output>
        </test-method> <!-- runScenario -->
        <test-method signature="runScenario(io.cucumber.testng.PickleWrapper,io.cucumber.testng.FeatureWrapper)[pri:0, instance:com.runner.Runner@443118b0]" started-at="2024-06-15T20:33:15 IST" name="runScenario" description="Runs Cucumber Scenarios" data-provider="scenarios" finished-at="2024-06-15T20:33:28 IST" duration-ms="12275" status="PASS">
          <params>
            <param index="0">
              <value>
                <![CDATA["Check for the product matching"]]>
              </value>
            </param>
            <param index="1">
              <value>
                <![CDATA["Seacrh for product"]]>
              </value>
            </param>
          </params>
          <reporter-output>
          </reporter-output>
        </test-method> <!-- runScenario -->
        <test-method is-config="true" signature="tearDownClass()[pri:0, instance:com.runner.Runner@443118b0]" started-at="2024-06-15T20:33:28 IST" name="tearDownClass" finished-at="2024-06-15T20:33:28 IST" duration-ms="62" status="PASS">
          <reporter-output>
          </reporter-output>
        </test-method> <!-- tearDownClass -->
      </class> <!-- com.runner.Runner -->
    </test> <!-- Default test -->
  </suite> <!-- Default suite -->
</testng-results>
